<?xml version="1.0" encoding="UTF-8"?>
<!-- Generated by org.testng.reporters.JUnitXMLReporter -->
<testsuite hostname="abraham-PC" ignored="0" name="Test" tests="4" failures="0" timestamp="17 abr 2019 21:38:34 GMT" time="0.041" errors="0">
  <testcase name="BrowserAutomation" time="0.011" classname="qaclickacademy.SeleniumTest"/>
  <testcase name="elementsUI" time="0.001" classname="qaclickacademy.SeleniumTest"/>
  <testcase name="deleteTwitter" time="0.0" classname="qaclickacademy.RestAPITest"/>
  <testcase name="postJira" time="0.001" classname="qaclickacademy.RestAPITest"/>
</testsuite> <!-- Test -->
