<?xml version="1.0" encoding="UTF-8"?>
<testng-results skipped="0" failed="0" ignored="0" total="4" passed="4">
  <reporter-output>
  </reporter-output>
  <suite name="Suite" duration-ms="41" started-at="2019-04-17T21:38:34Z" finished-at="2019-04-17T21:38:34Z">
    <groups>
    </groups>
    <test name="Test" duration-ms="41" started-at="2019-04-17T21:38:34Z" finished-at="2019-04-17T21:38:34Z">
      <class name="qaclickacademy.RestAPITest">
        <test-method status="PASS" signature="deleteTwitter()[pri:0, instance:qaclickacademy.RestAPITest@47f6473]" name="deleteTwitter" duration-ms="0" started-at="2019-04-17T16:38:34Z" finished-at="2019-04-17T16:38:34Z">
          <reporter-output>
          </reporter-output>
        </test-method> <!-- deleteTwitter -->
        <test-method status="PASS" signature="postJira()[pri:0, instance:qaclickacademy.RestAPITest@47f6473]" name="postJira" duration-ms="1" started-at="2019-04-17T16:38:34Z" finished-at="2019-04-17T16:38:34Z">
          <reporter-output>
          </reporter-output>
        </test-method> <!-- postJira -->
      </class> <!-- qaclickacademy.RestAPITest -->
      <class name="qaclickacademy.SeleniumTest">
        <test-method status="PASS" signature="BrowserAutomation()[pri:0, instance:qaclickacademy.SeleniumTest@327471b5]" name="BrowserAutomation" duration-ms="11" started-at="2019-04-17T16:38:34Z" finished-at="2019-04-17T16:38:34Z">
          <reporter-output>
          </reporter-output>
        </test-method> <!-- BrowserAutomation -->
        <test-method status="PASS" signature="elementsUI()[pri:0, instance:qaclickacademy.SeleniumTest@327471b5]" name="elementsUI" duration-ms="1" started-at="2019-04-17T16:38:34Z" finished-at="2019-04-17T16:38:34Z">
          <reporter-output>
          </reporter-output>
        </test-method> <!-- elementsUI -->
      </class> <!-- qaclickacademy.SeleniumTest -->
    </test> <!-- Test -->
  </suite> <!-- Suite -->
</testng-results>
